<!DOCTYPE html>
<html>
<head>
<meta http-equiv="Content-Type" content="text/html; charset=utf-8"/>
<meta http-equiv="x-ua-compatible" content="IE=edge"/>
<title>Test results - Class org.jabref.logic.util.io.FileUtilTest</title>
<link href="../css/base-style.css" rel="stylesheet" type="text/css"/>
<link href="../css/style.css" rel="stylesheet" type="text/css"/>
<script src="../js/report.js" type="text/javascript"></script>
</head>
<body>
<div id="content">
<h1>Class org.jabref.logic.util.io.FileUtilTest</h1>
<div class="breadcrumbs">
<a href="../index.html">all</a> &gt; 
<a href="../packages/org.jabref.logic.util.io.html">org.jabref.logic.util.io</a> &gt; FileUtilTest</div>
<div id="summary">
<table>
<tr>
<td>
<div class="summaryGroup">
<table>
<tr>
<td>
<div class="infoBox" id="tests">
<div class="counter">40</div>
<p>tests</p>
</div>
</td>
<td>
<div class="infoBox" id="failures">
<div class="counter">0</div>
<p>failures</p>
</div>
</td>
<td>
<div class="infoBox" id="ignored">
<div class="counter">0</div>
<p>ignored</p>
</div>
</td>
<td>
<div class="infoBox" id="duration">
<div class="counter">0.070s</div>
<p>duration</p>
</div>
</td>
</tr>
</table>
</div>
</td>
<td>
<div class="infoBox success" id="successRate">
<div class="percent">100%</div>
<p>successful</p>
</div>
</td>
</tr>
</table>
</div>
<div id="tabs">
<ul class="tabLinks">
<li>
<a href="#tab0">Tests</a>
</li>
<li>
<a href="#tab1">Standard output</a>
</li>
</ul>
<div id="tab0" class="tab">
<h2>Tests</h2>
<table>
<thead>
<tr>
<th>Test</th>
<th>Duration</th>
<th>Result</th>
</tr>
</thead>
<tr>
<td class="success">extensionBakAddedCorrectly</td>
<td>0.001s</td>
<td class="success">passed</td>
</tr>
<tr>
<td class="success">extensionBakAddedCorrectlyToAFileContainedInTmpDirectory</td>
<td>0.001s</td>
<td class="success">passed</td>
</tr>
<tr>
<td class="success">getFileExtensionTrimsAndReturnsInLowercase</td>
<td>0s</td>
<td class="success">passed</td>
</tr>
<tr>
<td class="success">getFileExtensionWithDotAtStartReturnsEmptyExtension</td>
<td>0.001s</td>
<td class="success">passed</td>
</tr>
<tr>
<td class="success">getFileExtensionWithMultipleDotsString</td>
<td>0s</td>
<td class="success">passed</td>
</tr>
<tr>
<td class="success">getFileExtensionWithNoDotReturnsEmptyExtension</td>
<td>0.001s</td>
<td class="success">passed</td>
</tr>
<tr>
<td class="success">getFileExtensionWithSimpleString</td>
<td>0s</td>
<td class="success">passed</td>
</tr>
<tr>
<td class="success">getFileNameWithMultipleDotsString</td>
<td>0.001s</td>
<td class="success">passed</td>
</tr>
<tr>
<td class="success">getFileNameWithSimpleString</td>
<td>0s</td>
<td class="success">passed</td>
</tr>
<tr>
<td class="success">testCopyFileFromEmptySourcePathToEmptyDestinationPathWithOverrideExistFile</td>
<td>0.002s</td>
<td class="success">passed</td>
</tr>
<tr>
<td class="success">testCopyFileFromEmptySourcePathToEmptyDestinationPathWithoutOverrideExistFile</td>
<td>0.004s</td>
<td class="success">passed</td>
</tr>
<tr>
<td class="success">testCopyFileFromEmptySourcePathToExistDestinationPathWithOverrideExistFile</td>
<td>0.001s</td>
<td class="success">passed</td>
</tr>
<tr>
<td class="success">testCopyFileFromEmptySourcePathToExistDestinationPathWithoutOverrideExistFile</td>
<td>0.001s</td>
<td class="success">passed</td>
</tr>
<tr>
<td class="success">testCopyFileFromExistSourcePathToExistDestinationPathWithOverrideExistFile</td>
<td>0.001s</td>
<td class="success">passed</td>
</tr>
<tr>
<td class="success">testCopyFileFromExistSourcePathToExistDestinationPathWithoutOverrideExistFile</td>
<td>0.001s</td>
<td class="success">passed</td>
</tr>
<tr>
<td class="success">testCopyFileFromExistSourcePathToOtherExistDestinationPathWithOverrideExistFile</td>
<td>0.001s</td>
<td class="success">passed</td>
</tr>
<tr>
<td class="success">testCopyFileFromExistSourcePathToOtherExistDestinationPathWithoutOverrideExistFile</td>
<td>0.001s</td>
<td class="success">passed</td>
</tr>
<tr>
<td class="success">testCopyFileSuccessfulWithOverrideExistFile</td>
<td>0.001s</td>
<td class="success">passed</td>
</tr>
<tr>
<td class="success">testCopyFileSuccessfulWithoutOverrideExistFile</td>
<td>0.002s</td>
<td class="success">passed</td>
</tr>
<tr>
<td class="success">testGetDefaultFileNameNoPatternNoBibTeXKey</td>
<td>0s</td>
<td class="success">passed</td>
</tr>
<tr>
<td class="success">testGetFileExtensionLowerCaseAndTrimmingFile</td>
<td>0.001s</td>
<td class="success">passed</td>
</tr>
<tr>
<td class="success">testGetFileExtensionMultipleDotsFile</td>
<td>0.001s</td>
<td class="success">passed</td>
</tr>
<tr>
<td class="success">testGetFileExtensionNoExtension2File</td>
<td>0s</td>
<td class="success">passed</td>
</tr>
<tr>
<td class="success">testGetFileExtensionNoExtensionFile</td>
<td>0.024s</td>
<td class="success">passed</td>
</tr>
<tr>
<td class="success">testGetFileExtensionSimpleFile</td>
<td>0.001s</td>
<td class="success">passed</td>
</tr>
<tr>
<td class="success">testGetLinkedFileNameBibTeXKey</td>
<td>0.001s</td>
<td class="success">passed</td>
</tr>
<tr>
<td class="success">testGetLinkedFileNameDefault</td>
<td>0.001s</td>
<td class="success">passed</td>
</tr>
<tr>
<td class="success">testGetLinkedFileNameGetDefaultIfEmptyFieldNoKey</td>
<td>0.001s</td>
<td class="success">passed</td>
</tr>
<tr>
<td class="success">testGetLinkedFileNameGetKeyIfEmptyField</td>
<td>0.002s</td>
<td class="success">passed</td>
</tr>
<tr>
<td class="success">testGetLinkedFileNameNoPattern</td>
<td>0.001s</td>
<td class="success">passed</td>
</tr>
<tr>
<td class="success">testRenameFileSuccessful</td>
<td>0.001s</td>
<td class="success">passed</td>
</tr>
<tr>
<td class="success">testRenameFileWithFromFileExistAndOtherToFileExist</td>
<td>0.005s</td>
<td class="success">passed</td>
</tr>
<tr>
<td class="success">testRenameFileWithFromFileExistAndToFileExist</td>
<td>0s</td>
<td class="success">passed</td>
</tr>
<tr>
<td class="success">testRenameFileWithFromFileExistAndToFileIsNull</td>
<td>0s</td>
<td class="success">passed</td>
</tr>
<tr>
<td class="success">testRenameFileWithFromFileExistAndToFileNotExist</td>
<td>0s</td>
<td class="success">passed</td>
</tr>
<tr>
<td class="success">testRenameFileWithFromFileIsNullAndToFileExist</td>
<td>0.001s</td>
<td class="success">passed</td>
</tr>
<tr>
<td class="success">testRenameFileWithFromFileIsNullAndToFileIsNull</td>
<td>0.001s</td>
<td class="success">passed</td>
</tr>
<tr>
<td class="success">testRenameFileWithFromFileNotExistAndToFileExist</td>
<td>0.004s</td>
<td class="success">passed</td>
</tr>
<tr>
<td class="success">testRenameFileWithFromFileNotExistAndToFileNotExist</td>
<td>0.004s</td>
<td class="success">passed</td>
</tr>
<tr>
<td class="success">uniquePathSubstrings</td>
<td>0.001s</td>
<td class="success">passed</td>
</tr>
</table>
</div>
<div id="tab1" class="tab">
<h2>Standard output</h2>
<span class="code">
<pre>08:38:17.694 [Test worker] ERROR org.jabref.logic.util.io.FileUtil - Renaming Files failed
java.nio.file.FileAlreadyExistsException: /tmp/junit5681554004966320209/otherExistingTestFile.txt
	at sun.nio.fs.UnixCopyFile.move(UnixCopyFile.java:429) ~[?:1.8.0_131]
	at sun.nio.fs.UnixFileSystemProvider.move(UnixFileSystemProvider.java:262) ~[?:1.8.0_131]
	at java.nio.file.Files.move(Files.java:1395) ~[?:1.8.0_131]
	at org.jabref.logic.util.io.FileUtil.renameFile(FileUtil.java:157) [main/:?]
	at org.jabref.logic.util.io.FileUtil.renameFile(FileUtil.java:139) [main/:?]
	at org.jabref.logic.util.io.FileUtilTest.testRenameFileWithFromFileExistAndOtherToFileExist(FileUtilTest.java:292) [test/:?]
	at sun.reflect.NativeMethodAccessorImpl.invoke0(Native Method) ~[?:1.8.0_131]
	at sun.reflect.NativeMethodAccessorImpl.invoke(NativeMethodAccessorImpl.java:62) ~[?:1.8.0_131]
	at sun.reflect.DelegatingMethodAccessorImpl.invoke(DelegatingMethodAccessorImpl.java:43) ~[?:1.8.0_131]
	at java.lang.reflect.Method.invoke(Method.java:498) ~[?:1.8.0_131]
	at org.junit.runners.model.FrameworkMethod$1.runReflectiveCall(FrameworkMethod.java:50) [junit-4.12.jar:4.12]
	at org.junit.internal.runners.model.ReflectiveCallable.run(ReflectiveCallable.java:12) [junit-4.12.jar:4.12]
	at org.junit.runners.model.FrameworkMethod.invokeExplosively(FrameworkMethod.java:47) [junit-4.12.jar:4.12]
	at org.junit.internal.runners.statements.InvokeMethod.evaluate(InvokeMethod.java:17) [junit-4.12.jar:4.12]
	at org.junit.internal.runners.statements.RunBefores.evaluate(RunBefores.java:26) [junit-4.12.jar:4.12]
	at org.junit.rules.ExternalResource$1.evaluate(ExternalResource.java:48) [junit-4.12.jar:4.12]
	at org.junit.rules.RunRules.evaluate(RunRules.java:20) [junit-4.12.jar:4.12]
	at org.junit.runners.ParentRunner.runLeaf(ParentRunner.java:325) [junit-4.12.jar:4.12]
	at org.junit.runners.BlockJUnit4ClassRunner.runChild(BlockJUnit4ClassRunner.java:78) [junit-4.12.jar:4.12]
	at org.junit.runners.BlockJUnit4ClassRunner.runChild(BlockJUnit4ClassRunner.java:57) [junit-4.12.jar:4.12]
	at org.junit.runners.ParentRunner$3.run(ParentRunner.java:290) [junit-4.12.jar:4.12]
	at org.junit.runners.ParentRunner$1.schedule(ParentRunner.java:71) [junit-4.12.jar:4.12]
	at org.junit.runners.ParentRunner.runChildren(ParentRunner.java:288) [junit-4.12.jar:4.12]
	at org.junit.runners.ParentRunner.access$000(ParentRunner.java:58) [junit-4.12.jar:4.12]
	at org.junit.runners.ParentRunner$2.evaluate(ParentRunner.java:268) [junit-4.12.jar:4.12]
	at org.junit.runners.ParentRunner.run(ParentRunner.java:363) [junit-4.12.jar:4.12]
	at org.gradle.api.internal.tasks.testing.junit.JUnitTestClassExecuter.runTestClass(JUnitTestClassExecuter.java:114) [gradle-testing-jvm-3.5.jar:3.5]
	at org.gradle.api.internal.tasks.testing.junit.JUnitTestClassExecuter.execute(JUnitTestClassExecuter.java:57) [gradle-testing-jvm-3.5.jar:3.5]
	at org.gradle.api.internal.tasks.testing.junit.JUnitTestClassProcessor.processTestClass(JUnitTestClassProcessor.java:66) [gradle-testing-jvm-3.5.jar:3.5]
	at org.gradle.api.internal.tasks.testing.SuiteTestClassProcessor.processTestClass(SuiteTestClassProcessor.java:51) [gradle-testing-base-3.5.jar:3.5]
	at sun.reflect.GeneratedMethodAccessor49.invoke(Unknown Source) ~[?:?]
	at sun.reflect.DelegatingMethodAccessorImpl.invoke(DelegatingMethodAccessorImpl.java:43) ~[?:1.8.0_131]
	at java.lang.reflect.Method.invoke(Method.java:498) ~[?:1.8.0_131]
	at org.gradle.internal.dispatch.ReflectionDispatch.dispatch(ReflectionDispatch.java:35) [gradle-messaging-3.5.jar:3.5]
	at org.gradle.internal.dispatch.ReflectionDispatch.dispatch(ReflectionDispatch.java:24) [gradle-messaging-3.5.jar:3.5]
	at org.gradle.internal.dispatch.ContextClassLoaderDispatch.dispatch(ContextClassLoaderDispatch.java:32) [gradle-messaging-3.5.jar:3.5]
	at org.gradle.internal.dispatch.ProxyDispatchAdapter$DispatchingInvocationHandler.invoke(ProxyDispatchAdapter.java:93) [gradle-messaging-3.5.jar:3.5]
	at com.sun.proxy.$Proxy2.processTestClass(Unknown Source) [?:?]
	at org.gradle.api.internal.tasks.testing.worker.TestWorker.processTestClass(TestWorker.java:109) [gradle-testing-base-3.5.jar:3.5]
	at sun.reflect.GeneratedMethodAccessor48.invoke(Unknown Source) ~[?:?]
	at sun.reflect.DelegatingMethodAccessorImpl.invoke(DelegatingMethodAccessorImpl.java:43) ~[?:1.8.0_131]
	at java.lang.reflect.Method.invoke(Method.java:498) ~[?:1.8.0_131]
	at org.gradle.internal.dispatch.ReflectionDispatch.dispatch(ReflectionDispatch.java:35) [gradle-messaging-3.5.jar:3.5]
	at org.gradle.internal.dispatch.ReflectionDispatch.dispatch(ReflectionDispatch.java:24) [gradle-messaging-3.5.jar:3.5]
	at org.gradle.internal.remote.internal.hub.MessageHubBackedObjectConnection$DispatchWrapper.dispatch(MessageHubBackedObjectConnection.java:147) [gradle-messaging-3.5.jar:3.5]
	at org.gradle.internal.remote.internal.hub.MessageHubBackedObjectConnection$DispatchWrapper.dispatch(MessageHubBackedObjectConnection.java:129) [gradle-messaging-3.5.jar:3.5]
	at org.gradle.internal.remote.internal.hub.MessageHub$Handler.run(MessageHub.java:404) [gradle-messaging-3.5.jar:3.5]
	at org.gradle.internal.concurrent.ExecutorPolicy$CatchAndRecordFailures.onExecute(ExecutorPolicy.java:63) [gradle-base-services-3.5.jar:3.5]
	at org.gradle.internal.concurrent.StoppableExecutorImpl$1.run(StoppableExecutorImpl.java:46) [gradle-base-services-3.5.jar:3.5]
	at java.util.concurrent.ThreadPoolExecutor.runWorker(ThreadPoolExecutor.java:1142) [?:1.8.0_131]
	at java.util.concurrent.ThreadPoolExecutor$Worker.run(ThreadPoolExecutor.java:617) [?:1.8.0_131]
	at java.lang.Thread.run(Thread.java:748) [?:1.8.0_131]
08:38:17.699 [Test worker] ERROR org.jabref.logic.util.io.FileUtil - Path to the source file doesn't exist.
08:38:17.706 [Test worker] ERROR org.jabref.logic.util.io.FileUtil - Path to the destination file is not exists and the file shouldn't be replace.
08:38:17.734 [Test worker] ERROR org.jabref.logic.util.io.FileUtil - Path to the destination file is not exists and the file shouldn't be replace.
08:38:17.737 [Test worker] ERROR org.jabref.logic.util.io.FileUtil - Renaming Files failed
java.nio.file.NoSuchFileException: nonExistingTestPath
	at sun.nio.fs.UnixException.translateToIOException(UnixException.java:86) ~[?:1.8.0_131]
	at sun.nio.fs.UnixException.rethrowAsIOException(UnixException.java:102) ~[?:1.8.0_131]
	at sun.nio.fs.UnixException.rethrowAsIOException(UnixException.java:107) ~[?:1.8.0_131]
	at sun.nio.fs.UnixCopyFile.move(UnixCopyFile.java:409) ~[?:1.8.0_131]
	at sun.nio.fs.UnixFileSystemProvider.move(UnixFileSystemProvider.java:262) ~[?:1.8.0_131]
	at java.nio.file.Files.move(Files.java:1395) ~[?:1.8.0_131]
	at org.jabref.logic.util.io.FileUtil.renameFile(FileUtil.java:157) [main/:?]
	at org.jabref.logic.util.io.FileUtil.renameFile(FileUtil.java:139) [main/:?]
	at org.jabref.logic.util.io.FileUtilTest.testRenameFileWithFromFileNotExistAndToFileNotExist(FileUtilTest.java:272) [test/:?]
	at sun.reflect.NativeMethodAccessorImpl.invoke0(Native Method) ~[?:1.8.0_131]
	at sun.reflect.NativeMethodAccessorImpl.invoke(NativeMethodAccessorImpl.java:62) ~[?:1.8.0_131]
	at sun.reflect.DelegatingMethodAccessorImpl.invoke(DelegatingMethodAccessorImpl.java:43) ~[?:1.8.0_131]
	at java.lang.reflect.Method.invoke(Method.java:498) ~[?:1.8.0_131]
	at org.junit.runners.model.FrameworkMethod$1.runReflectiveCall(FrameworkMethod.java:50) [junit-4.12.jar:4.12]
	at org.junit.internal.runners.model.ReflectiveCallable.run(ReflectiveCallable.java:12) [junit-4.12.jar:4.12]
	at org.junit.runners.model.FrameworkMethod.invokeExplosively(FrameworkMethod.java:47) [junit-4.12.jar:4.12]
	at org.junit.internal.runners.statements.InvokeMethod.evaluate(InvokeMethod.java:17) [junit-4.12.jar:4.12]
	at org.junit.internal.runners.statements.RunBefores.evaluate(RunBefores.java:26) [junit-4.12.jar:4.12]
	at org.junit.rules.ExternalResource$1.evaluate(ExternalResource.java:48) [junit-4.12.jar:4.12]
	at org.junit.rules.RunRules.evaluate(RunRules.java:20) [junit-4.12.jar:4.12]
	at org.junit.runners.ParentRunner.runLeaf(ParentRunner.java:325) [junit-4.12.jar:4.12]
	at org.junit.runners.BlockJUnit4ClassRunner.runChild(BlockJUnit4ClassRunner.java:78) [junit-4.12.jar:4.12]
	at org.junit.runners.BlockJUnit4ClassRunner.runChild(BlockJUnit4ClassRunner.java:57) [junit-4.12.jar:4.12]
	at org.junit.runners.ParentRunner$3.run(ParentRunner.java:290) [junit-4.12.jar:4.12]
	at org.junit.runners.ParentRunner$1.schedule(ParentRunner.java:71) [junit-4.12.jar:4.12]
	at org.junit.runners.ParentRunner.runChildren(ParentRunner.java:288) [junit-4.12.jar:4.12]
	at org.junit.runners.ParentRunner.access$000(ParentRunner.java:58) [junit-4.12.jar:4.12]
	at org.junit.runners.ParentRunner$2.evaluate(ParentRunner.java:268) [junit-4.12.jar:4.12]
	at org.junit.runners.ParentRunner.run(ParentRunner.java:363) [junit-4.12.jar:4.12]
	at org.gradle.api.internal.tasks.testing.junit.JUnitTestClassExecuter.runTestClass(JUnitTestClassExecuter.java:114) [gradle-testing-jvm-3.5.jar:3.5]
	at org.gradle.api.internal.tasks.testing.junit.JUnitTestClassExecuter.execute(JUnitTestClassExecuter.java:57) [gradle-testing-jvm-3.5.jar:3.5]
	at org.gradle.api.internal.tasks.testing.junit.JUnitTestClassProcessor.processTestClass(JUnitTestClassProcessor.java:66) [gradle-testing-jvm-3.5.jar:3.5]
	at org.gradle.api.internal.tasks.testing.SuiteTestClassProcessor.processTestClass(SuiteTestClassProcessor.java:51) [gradle-testing-base-3.5.jar:3.5]
	at sun.reflect.GeneratedMethodAccessor49.invoke(Unknown Source) ~[?:?]
	at sun.reflect.DelegatingMethodAccessorImpl.invoke(DelegatingMethodAccessorImpl.java:43) ~[?:1.8.0_131]
	at java.lang.reflect.Method.invoke(Method.java:498) ~[?:1.8.0_131]
	at org.gradle.internal.dispatch.ReflectionDispatch.dispatch(ReflectionDispatch.java:35) [gradle-messaging-3.5.jar:3.5]
	at org.gradle.internal.dispatch.ReflectionDispatch.dispatch(ReflectionDispatch.java:24) [gradle-messaging-3.5.jar:3.5]
	at org.gradle.internal.dispatch.ContextClassLoaderDispatch.dispatch(ContextClassLoaderDispatch.java:32) [gradle-messaging-3.5.jar:3.5]
	at org.gradle.internal.dispatch.ProxyDispatchAdapter$DispatchingInvocationHandler.invoke(ProxyDispatchAdapter.java:93) [gradle-messaging-3.5.jar:3.5]
	at com.sun.proxy.$Proxy2.processTestClass(Unknown Source) [?:?]
	at org.gradle.api.internal.tasks.testing.worker.TestWorker.processTestClass(TestWorker.java:109) [gradle-testing-base-3.5.jar:3.5]
	at sun.reflect.GeneratedMethodAccessor48.invoke(Unknown Source) ~[?:?]
	at sun.reflect.DelegatingMethodAccessorImpl.invoke(DelegatingMethodAccessorImpl.java:43) ~[?:1.8.0_131]
	at java.lang.reflect.Method.invoke(Method.java:498) ~[?:1.8.0_131]
	at org.gradle.internal.dispatch.ReflectionDispatch.dispatch(ReflectionDispatch.java:35) [gradle-messaging-3.5.jar:3.5]
	at org.gradle.internal.dispatch.ReflectionDispatch.dispatch(ReflectionDispatch.java:24) [gradle-messaging-3.5.jar:3.5]
	at org.gradle.internal.remote.internal.hub.MessageHubBackedObjectConnection$DispatchWrapper.dispatch(MessageHubBackedObjectConnection.java:147) [gradle-messaging-3.5.jar:3.5]
	at org.gradle.internal.remote.internal.hub.MessageHubBackedObjectConnection$DispatchWrapper.dispatch(MessageHubBackedObjectConnection.java:129) [gradle-messaging-3.5.jar:3.5]
	at org.gradle.internal.remote.internal.hub.MessageHub$Handler.run(MessageHub.java:404) [gradle-messaging-3.5.jar:3.5]
	at org.gradle.internal.concurrent.ExecutorPolicy$CatchAndRecordFailures.onExecute(ExecutorPolicy.java:63) [gradle-base-services-3.5.jar:3.5]
	at org.gradle.internal.concurrent.StoppableExecutorImpl$1.run(StoppableExecutorImpl.java:46) [gradle-base-services-3.5.jar:3.5]
	at java.util.concurrent.ThreadPoolExecutor.runWorker(ThreadPoolExecutor.java:1142) [?:1.8.0_131]
	at java.util.concurrent.ThreadPoolExecutor$Worker.run(ThreadPoolExecutor.java:617) [?:1.8.0_131]
	at java.lang.Thread.run(Thread.java:748) [?:1.8.0_131]
08:38:17.744 [Test worker] ERROR org.jabref.logic.util.io.FileUtil - Path to the source file doesn't exist.
08:38:17.746 [Test worker] ERROR org.jabref.logic.util.io.FileUtil - Renaming Files failed
java.nio.file.NoSuchFileException: nonExistingTestPath
	at sun.nio.fs.UnixException.translateToIOException(UnixException.java:86) ~[?:1.8.0_131]
	at sun.nio.fs.UnixException.rethrowAsIOException(UnixException.java:102) ~[?:1.8.0_131]
	at sun.nio.fs.UnixException.rethrowAsIOException(UnixException.java:107) ~[?:1.8.0_131]
	at sun.nio.fs.UnixCopyFile.move(UnixCopyFile.java:409) ~[?:1.8.0_131]
	at sun.nio.fs.UnixFileSystemProvider.move(UnixFileSystemProvider.java:262) ~[?:1.8.0_131]
	at java.nio.file.Files.move(Files.java:1395) ~[?:1.8.0_131]
	at org.jabref.logic.util.io.FileUtil.renameFile(FileUtil.java:157) [main/:?]
	at org.jabref.logic.util.io.FileUtil.renameFile(FileUtil.java:139) [main/:?]
	at org.jabref.logic.util.io.FileUtilTest.testRenameFileWithFromFileNotExistAndToFileExist(FileUtilTest.java:277) [test/:?]
	at sun.reflect.NativeMethodAccessorImpl.invoke0(Native Method) ~[?:1.8.0_131]
	at sun.reflect.NativeMethodAccessorImpl.invoke(NativeMethodAccessorImpl.java:62) ~[?:1.8.0_131]
	at sun.reflect.DelegatingMethodAccessorImpl.invoke(DelegatingMethodAccessorImpl.java:43) ~[?:1.8.0_131]
	at java.lang.reflect.Method.invoke(Method.java:498) ~[?:1.8.0_131]
	at org.junit.runners.model.FrameworkMethod$1.runReflectiveCall(FrameworkMethod.java:50) [junit-4.12.jar:4.12]
	at org.junit.internal.runners.model.ReflectiveCallable.run(ReflectiveCallable.java:12) [junit-4.12.jar:4.12]
	at org.junit.runners.model.FrameworkMethod.invokeExplosively(FrameworkMethod.java:47) [junit-4.12.jar:4.12]
	at org.junit.internal.runners.statements.InvokeMethod.evaluate(InvokeMethod.java:17) [junit-4.12.jar:4.12]
	at org.junit.internal.runners.statements.RunBefores.evaluate(RunBefores.java:26) [junit-4.12.jar:4.12]
	at org.junit.rules.ExternalResource$1.evaluate(ExternalResource.java:48) [junit-4.12.jar:4.12]
	at org.junit.rules.RunRules.evaluate(RunRules.java:20) [junit-4.12.jar:4.12]
	at org.junit.runners.ParentRunner.runLeaf(ParentRunner.java:325) [junit-4.12.jar:4.12]
	at org.junit.runners.BlockJUnit4ClassRunner.runChild(BlockJUnit4ClassRunner.java:78) [junit-4.12.jar:4.12]
	at org.junit.runners.BlockJUnit4ClassRunner.runChild(BlockJUnit4ClassRunner.java:57) [junit-4.12.jar:4.12]
	at org.junit.runners.ParentRunner$3.run(ParentRunner.java:290) [junit-4.12.jar:4.12]
	at org.junit.runners.ParentRunner$1.schedule(ParentRunner.java:71) [junit-4.12.jar:4.12]
	at org.junit.runners.ParentRunner.runChildren(ParentRunner.java:288) [junit-4.12.jar:4.12]
	at org.junit.runners.ParentRunner.access$000(ParentRunner.java:58) [junit-4.12.jar:4.12]
	at org.junit.runners.ParentRunner$2.evaluate(ParentRunner.java:268) [junit-4.12.jar:4.12]
	at org.junit.runners.ParentRunner.run(ParentRunner.java:363) [junit-4.12.jar:4.12]
	at org.gradle.api.internal.tasks.testing.junit.JUnitTestClassExecuter.runTestClass(JUnitTestClassExecuter.java:114) [gradle-testing-jvm-3.5.jar:3.5]
	at org.gradle.api.internal.tasks.testing.junit.JUnitTestClassExecuter.execute(JUnitTestClassExecuter.java:57) [gradle-testing-jvm-3.5.jar:3.5]
	at org.gradle.api.internal.tasks.testing.junit.JUnitTestClassProcessor.processTestClass(JUnitTestClassProcessor.java:66) [gradle-testing-jvm-3.5.jar:3.5]
	at org.gradle.api.internal.tasks.testing.SuiteTestClassProcessor.processTestClass(SuiteTestClassProcessor.java:51) [gradle-testing-base-3.5.jar:3.5]
	at sun.reflect.GeneratedMethodAccessor49.invoke(Unknown Source) ~[?:?]
	at sun.reflect.DelegatingMethodAccessorImpl.invoke(DelegatingMethodAccessorImpl.java:43) ~[?:1.8.0_131]
	at java.lang.reflect.Method.invoke(Method.java:498) ~[?:1.8.0_131]
	at org.gradle.internal.dispatch.ReflectionDispatch.dispatch(ReflectionDispatch.java:35) [gradle-messaging-3.5.jar:3.5]
	at org.gradle.internal.dispatch.ReflectionDispatch.dispatch(ReflectionDispatch.java:24) [gradle-messaging-3.5.jar:3.5]
	at org.gradle.internal.dispatch.ContextClassLoaderDispatch.dispatch(ContextClassLoaderDispatch.java:32) [gradle-messaging-3.5.jar:3.5]
	at org.gradle.internal.dispatch.ProxyDispatchAdapter$DispatchingInvocationHandler.invoke(ProxyDispatchAdapter.java:93) [gradle-messaging-3.5.jar:3.5]
	at com.sun.proxy.$Proxy2.processTestClass(Unknown Source) [?:?]
	at org.gradle.api.internal.tasks.testing.worker.TestWorker.processTestClass(TestWorker.java:109) [gradle-testing-base-3.5.jar:3.5]
	at sun.reflect.GeneratedMethodAccessor48.invoke(Unknown Source) ~[?:?]
	at sun.reflect.DelegatingMethodAccessorImpl.invoke(DelegatingMethodAccessorImpl.java:43) ~[?:1.8.0_131]
	at java.lang.reflect.Method.invoke(Method.java:498) ~[?:1.8.0_131]
	at org.gradle.internal.dispatch.ReflectionDispatch.dispatch(ReflectionDispatch.java:35) [gradle-messaging-3.5.jar:3.5]
	at org.gradle.internal.dispatch.ReflectionDispatch.dispatch(ReflectionDispatch.java:24) [gradle-messaging-3.5.jar:3.5]
	at org.gradle.internal.remote.internal.hub.MessageHubBackedObjectConnection$DispatchWrapper.dispatch(MessageHubBackedObjectConnection.java:147) [gradle-messaging-3.5.jar:3.5]
	at org.gradle.internal.remote.internal.hub.MessageHubBackedObjectConnection$DispatchWrapper.dispatch(MessageHubBackedObjectConnection.java:129) [gradle-messaging-3.5.jar:3.5]
	at org.gradle.internal.remote.internal.hub.MessageHub$Handler.run(MessageHub.java:404) [gradle-messaging-3.5.jar:3.5]
	at org.gradle.internal.concurrent.ExecutorPolicy$CatchAndRecordFailures.onExecute(ExecutorPolicy.java:63) [gradle-base-services-3.5.jar:3.5]
	at org.gradle.internal.concurrent.StoppableExecutorImpl$1.run(StoppableExecutorImpl.java:46) [gradle-base-services-3.5.jar:3.5]
	at java.util.concurrent.ThreadPoolExecutor.runWorker(ThreadPoolExecutor.java:1142) [?:1.8.0_131]
	at java.util.concurrent.ThreadPoolExecutor$Worker.run(ThreadPoolExecutor.java:617) [?:1.8.0_131]
	at java.lang.Thread.run(Thread.java:748) [?:1.8.0_131]
08:38:17.757 [Test worker] ERROR org.jabref.logic.util.io.FileUtil - Path to the source file doesn't exist.
org.junit.rules.TemporaryFolder@522b882
08:38:17.760 [Test worker] ERROR org.jabref.logic.util.io.FileUtil - Path to the destination file is not exists and the file shouldn't be replace.
08:38:17.763 [Test worker] ERROR org.jabref.logic.util.io.FileUtil - Path to the source file doesn't exist.
</pre>
</span>
</div>
</div>
<div id="footer">
<p>
<div>
<label class="hidden" id="label-for-line-wrapping-toggle" for="line-wrapping-toggle">Wrap lines
<input id="line-wrapping-toggle" type="checkbox" autocomplete="off"/>
</label>
</div>Generated by 
<a href="http://www.gradle.org">Gradle 3.5</a> at 20/06/2017 08:39:14</p>
</div>
</div>
</body>
</html>
